[2021-05-26 19:20:15] local.ERROR: SQLSTATE[23000]: Integrity constraint violation: 1062 Duplicate entry 'rick@gmail.com' for key 'users_email_unique' (SQL: insert into `users` (`name`, `email`, `password`, `created_at`, `updated_at`) values (Rick, rick@gmail.com, $2y$10$LkOUoyum1J.EMegadeg5UO1a0YS8JIeCpWLf2Gn3J2Tb6waxpGxPm, 2021-05-26 19:20:15, 2021-05-26 19:20:15)) {"exception":"[object] (Illuminate\\Database\\QueryException(code: 23000): SQLSTATE[23000]: Integrity constraint violation: 1062 Duplicate entry 'rick@gmail.com' for key 'users_email_unique' (SQL: insert into `users` (`name`, `email`, `password`, `created_at`, `updated_at`) values (Rick, rick@gmail.com, $2y$10$LkOUoyum1J.EMegadeg5UO1a0YS8JIeCpWLf2Gn3J2Tb6waxpGxPm, 2021-05-26 19:20:15, 2021-05-26 19:20:15)) at /usr/share/nginx/vendor/laravel/framework/src/Illuminate/Database/Connection.php:685)
[stacktrace]
#0 /usr/share/nginx/vendor/laravel/framework/src/Illuminate/Database/Connection.php(645): Illuminate\\Database\\Connection->runQueryCallback()
#1 /usr/share/nginx/vendor/laravel/framework/src/Illuminate/Database/Connection.php(479): Illuminate\\Database\\Connection->run()
#2 /usr/share/nginx/vendor/laravel/framework/src/Illuminate/Database/Connection.php(431): Illuminate\\Database\\Connection->statement()
#3 /usr/share/nginx/vendor/laravel/framework/src/Illuminate/Database/Query/Builder.php(2949): Illuminate\\Database\\Connection->insert()
#4 /usr/share/nginx/database/seeders/UsersTableSeeder.php(26): Illuminate\\Database\\Query\\Builder->insert()
#5 /usr/share/nginx/vendor/laravel/framework/src/Illuminate/Container/BoundMethod.php(36): Database\\Seeders\\UsersTableSeeder->run()
#6 /usr/share/nginx/vendor/laravel/framework/src/Illuminate/Container/Util.php(40): Illuminate\\Container\\BoundMethod::Illuminate\\Container\\{closure}()
#7 /usr/share/nginx/vendor/laravel/framework/src/Illuminate/Container/BoundMethod.php(93): Illuminate\\Container\\Util::unwrapIfClosure()
#8 /usr/share/nginx/vendor/laravel/framework/src/Illuminate/Container/BoundMethod.php(37): Illuminate\\Container\\BoundMethod::callBoundMethod()
#9 /usr/share/nginx/vendor/laravel/framework/src/Illuminate/Container/Container.php(614): Illuminate\\Container\\BoundMethod::call()
#10 /usr/share/nginx/vendor/laravel/framework/src/Illuminate/Database/Seeder.php(149): Illuminate\\Container\\Container->call()
#11 /usr/share/nginx/vendor/laravel/framework/src/Illuminate/Database/Seeder.php(49): Illuminate\\Database\\Seeder->__invoke()
#12 /usr/share/nginx/database/seeders/DatabaseSeeder.php(16): Illuminate\\Database\\Seeder->call()
#13 /usr/share/nginx/vendor/laravel/framework/src/Illuminate/Container/BoundMethod.php(36): Database\\Seeders\\DatabaseSeeder->run()
#14 /usr/share/nginx/vendor/laravel/framework/src/Illuminate/Container/Util.php(40): Illuminate\\Container\\BoundMethod::Illuminate\\Container\\{closure}()
#15 /usr/share/nginx/vendor/laravel/framework/src/Illuminate/Container/BoundMethod.php(93): Illuminate\\Container\\Util::unwrapIfClosure()
#16 /usr/share/nginx/vendor/laravel/framework/src/Illuminate/Container/BoundMethod.php(37): Illuminate\\Container\\BoundMethod::callBoundMethod()
#17 /usr/share/nginx/vendor/laravel/framework/src/Illuminate/Container/Container.php(614): Illuminate\\Container\\BoundMethod::call()
#18 /usr/share/nginx/vendor/laravel/framework/src/Illuminate/Database/Seeder.php(149): Illuminate\\Container\\Container->call()
#19 /usr/share/nginx/vendor/laravel/framework/src/Illuminate/Database/Console/Seeds/SeedCommand.php(66): Illuminate\\Database\\Seeder->__invoke()
#20 /usr/share/nginx/vendor/laravel/framework/src/Illuminate/Database/Eloquent/Concerns/GuardsAttributes.php(157): Illuminate\\Database\\Console\\Seeds\\SeedCommand->Illuminate\\Database\\Console\\Seeds\\{closure}()
#21 /usr/share/nginx/vendor/laravel/framework/src/Illuminate/Database/Console/Seeds/SeedCommand.php(67): Illuminate\\Database\\Eloquent\\Model::unguarded()
#22 /usr/share/nginx/vendor/laravel/framework/src/Illuminate/Container/BoundMethod.php(36): Illuminate\\Database\\Console\\Seeds\\SeedCommand->handle()
#23 /usr/share/nginx/vendor/laravel/framework/src/Illuminate/Container/Util.php(40): Illuminate\\Container\\BoundMethod::Illuminate\\Container\\{closure}()
#24 /usr/share/nginx/vendor/laravel/framework/src/Illuminate/Container/BoundMethod.php(93): Illuminate\\Container\\Util::unwrapIfClosure()
#25 /usr/share/nginx/vendor/laravel/framework/src/Illuminate/Container/BoundMethod.php(37): Illuminate\\Container\\BoundMethod::callBoundMethod()
#26 /usr/share/nginx/vendor/laravel/framework/src/Illuminate/Container/Container.php(614): Illuminate\\Container\\BoundMethod::call()
#27 /usr/share/nginx/vendor/laravel/framework/src/Illuminate/Console/Command.php(136): Illuminate\\Container\\Container->call()
#28 /usr/share/nginx/vendor/symfony/console/Command/Command.php(256): Illuminate\\Console\\Command->execute()
#29 /usr/share/nginx/vendor/laravel/framework/src/Illuminate/Console/Command.php(121): Symfony\\Component\\Console\\Command\\Command->run()
#30 /usr/share/nginx/vendor/laravel/framework/src/Illuminate/Console/Concerns/CallsCommands.php(68): Illuminate\\Console\\Command->run()
#31 /usr/share/nginx/vendor/laravel/framework/src/Illuminate/Console/Concerns/CallsCommands.php(28): Illuminate\\Console\\Command->runCommand()
#32 /usr/share/nginx/vendor/laravel/framework/src/Illuminate/Database/Console/Migrations/MigrateCommand.php(92): Illuminate\\Console\\Command->call()
#33 /usr/share/nginx/vendor/laravel/framework/src/Illuminate/Database/Migrations/Migrator.php(578): Illuminate\\Database\\Console\\Migrations\\MigrateCommand->Illuminate\\Database\\Console\\Migrations\\{closure}()
#34 /usr/share/nginx/vendor/laravel/framework/src/Illuminate/Database/Console/Migrations/MigrateCommand.php(94): Illuminate\\Database\\Migrations\\Migrator->usingConnection()
#35 /usr/share/nginx/vendor/laravel/framework/src/Illuminate/Container/BoundMethod.php(36): Illuminate\\Database\\Console\\Migrations\\MigrateCommand->handle()
#36 /usr/share/nginx/vendor/laravel/framework/src/Illuminate/Container/Util.php(40): Illuminate\\Container\\BoundMethod::Illuminate\\Container\\{closure}()
#37 /usr/share/nginx/vendor/laravel/framework/src/Illuminate/Container/BoundMethod.php(93): Illuminate\\Container\\Util::unwrapIfClosure()
#38 /usr/share/nginx/vendor/laravel/framework/src/Illuminate/Container/BoundMethod.php(37): Illuminate\\Container\\BoundMethod::callBoundMethod()
#39 /usr/share/nginx/vendor/laravel/framework/src/Illuminate/Container/Container.php(614): Illuminate\\Container\\BoundMethod::call()
#40 /usr/share/nginx/vendor/laravel/framework/src/Illuminate/Console/Command.php(136): Illuminate\\Container\\Container->call()
#41 /usr/share/nginx/vendor/symfony/console/Command/Command.php(256): Illuminate\\Console\\Command->execute()
#42 /usr/share/nginx/vendor/laravel/framework/src/Illuminate/Console/Command.php(121): Symfony\\Component\\Console\\Command\\Command->run()
#43 /usr/share/nginx/vendor/symfony/console/Application.php(971): Illuminate\\Console\\Command->run()
#44 /usr/share/nginx/vendor/symfony/console/Application.php(290): Symfony\\Component\\Console\\Application->doRunCommand()
#45 /usr/share/nginx/vendor/symfony/console/Application.php(166): Symfony\\Component\\Console\\Application->doRun()
#46 /usr/share/nginx/vendor/laravel/framework/src/Illuminate/Console/Application.php(92): Symfony\\Component\\Console\\Application->run()
#47 /usr/share/nginx/vendor/laravel/framework/src/Illuminate/Foundation/Console/Kernel.php(129): Illuminate\\Console\\Application->run()
#48 /usr/share/nginx/artisan(37): Illuminate\\Foundation\\Console\\Kernel->handle()
#49 {main}

[previous exception] [object] (PDOException(code: 23000): SQLSTATE[23000]: Integrity constraint violation: 1062 Duplicate entry 'rick@gmail.com' for key 'users_email_unique' at /usr/share/nginx/vendor/laravel/framework/src/Illuminate/Database/Connection.php:478)
[stacktrace]
#0 /usr/share/nginx/vendor/laravel/framework/src/Illuminate/Database/Connection.php(478): PDOStatement->execute()
#1 /usr/share/nginx/vendor/laravel/framework/src/Illuminate/Database/Connection.php(678): Illuminate\\Database\\Connection->Illuminate\\Database\\{closure}()
#2 /usr/share/nginx/vendor/laravel/framework/src/Illuminate/Database/Connection.php(645): Illuminate\\Database\\Connection->runQueryCallback()
#3 /usr/share/nginx/vendor/laravel/framework/src/Illuminate/Database/Connection.php(479): Illuminate\\Database\\Connection->run()
#4 /usr/share/nginx/vendor/laravel/framework/src/Illuminate/Database/Connection.php(431): Illuminate\\Database\\Connection->statement()
#5 /usr/share/nginx/vendor/laravel/framework/src/Illuminate/Database/Query/Builder.php(2949): Illuminate\\Database\\Connection->insert()
#6 /usr/share/nginx/database/seeders/UsersTableSeeder.php(26): Illuminate\\Database\\Query\\Builder->insert()
#7 /usr/share/nginx/vendor/laravel/framework/src/Illuminate/Container/BoundMethod.php(36): Database\\Seeders\\UsersTableSeeder->run()
#8 /usr/share/nginx/vendor/laravel/framework/src/Illuminate/Container/Util.php(40): Illuminate\\Container\\BoundMethod::Illuminate\\Container\\{closure}()
#9 /usr/share/nginx/vendor/laravel/framework/src/Illuminate/Container/BoundMethod.php(93): Illuminate\\Container\\Util::unwrapIfClosure()
#10 /usr/share/nginx/vendor/laravel/framework/src/Illuminate/Container/BoundMethod.php(37): Illuminate\\Container\\BoundMethod::callBoundMethod()
#11 /usr/share/nginx/vendor/laravel/framework/src/Illuminate/Container/Container.php(614): Illuminate\\Container\\BoundMethod::call()
#12 /usr/share/nginx/vendor/laravel/framework/src/Illuminate/Database/Seeder.php(149): Illuminate\\Container\\Container->call()
#13 /usr/share/nginx/vendor/laravel/framework/src/Illuminate/Database/Seeder.php(49): Illuminate\\Database\\Seeder->__invoke()
#14 /usr/share/nginx/database/seeders/DatabaseSeeder.php(16): Illuminate\\Database\\Seeder->call()
#15 /usr/share/nginx/vendor/laravel/framework/src/Illuminate/Container/BoundMethod.php(36): Database\\Seeders\\DatabaseSeeder->run()
#16 /usr/share/nginx/vendor/laravel/framework/src/Illuminate/Container/Util.php(40): Illuminate\\Container\\BoundMethod::Illuminate\\Container\\{closure}()
#17 /usr/share/nginx/vendor/laravel/framework/src/Illuminate/Container/BoundMethod.php(93): Illuminate\\Container\\Util::unwrapIfClosure()
#18 /usr/share/nginx/vendor/laravel/framework/src/Illuminate/Container/BoundMethod.php(37): Illuminate\\Container\\BoundMethod::callBoundMethod()
#19 /usr/share/nginx/vendor/laravel/framework/src/Illuminate/Container/Container.php(614): Illuminate\\Container\\BoundMethod::call()
#20 /usr/share/nginx/vendor/laravel/framework/src/Illuminate/Database/Seeder.php(149): Illuminate\\Container\\Container->call()
#21 /usr/share/nginx/vendor/laravel/framework/src/Illuminate/Database/Console/Seeds/SeedCommand.php(66): Illuminate\\Database\\Seeder->__invoke()
#22 /usr/share/nginx/vendor/laravel/framework/src/Illuminate/Database/Eloquent/Concerns/GuardsAttributes.php(157): Illuminate\\Database\\Console\\Seeds\\SeedCommand->Illuminate\\Database\\Console\\Seeds\\{closure}()
#23 /usr/share/nginx/vendor/laravel/framework/src/Illuminate/Database/Console/Seeds/SeedCommand.php(67): Illuminate\\Database\\Eloquent\\Model::unguarded()
#24 /usr/share/nginx/vendor/laravel/framework/src/Illuminate/Container/BoundMethod.php(36): Illuminate\\Database\\Console\\Seeds\\SeedCommand->handle()
#25 /usr/share/nginx/vendor/laravel/framework/src/Illuminate/Container/Util.php(40): Illuminate\\Container\\BoundMethod::Illuminate\\Container\\{closure}()
#26 /usr/share/nginx/vendor/laravel/framework/src/Illuminate/Container/BoundMethod.php(93): Illuminate\\Container\\Util::unwrapIfClosure()
#27 /usr/share/nginx/vendor/laravel/framework/src/Illuminate/Container/BoundMethod.php(37): Illuminate\\Container\\BoundMethod::callBoundMethod()
#28 /usr/share/nginx/vendor/laravel/framework/src/Illuminate/Container/Container.php(614): Illuminate\\Container\\BoundMethod::call()
#29 /usr/share/nginx/vendor/laravel/framework/src/Illuminate/Console/Command.php(136): Illuminate\\Container\\Container->call()
#30 /usr/share/nginx/vendor/symfony/console/Command/Command.php(256): Illuminate\\Console\\Command->execute()
#31 /usr/share/nginx/vendor/laravel/framework/src/Illuminate/Console/Command.php(121): Symfony\\Component\\Console\\Command\\Command->run()
#32 /usr/share/nginx/vendor/laravel/framework/src/Illuminate/Console/Concerns/CallsCommands.php(68): Illuminate\\Console\\Command->run()
#33 /usr/share/nginx/vendor/laravel/framework/src/Illuminate/Console/Concerns/CallsCommands.php(28): Illuminate\\Console\\Command->runCommand()
#34 /usr/share/nginx/vendor/laravel/framework/src/Illuminate/Database/Console/Migrations/MigrateCommand.php(92): Illuminate\\Console\\Command->call()
#35 /usr/share/nginx/vendor/laravel/framework/src/Illuminate/Database/Migrations/Migrator.php(578): Illuminate\\Database\\Console\\Migrations\\MigrateCommand->Illuminate\\Database\\Console\\Migrations\\{closure}()
#36 /usr/share/nginx/vendor/laravel/framework/src/Illuminate/Database/Console/Migrations/MigrateCommand.php(94): Illuminate\\Database\\Migrations\\Migrator->usingConnection()
#37 /usr/share/nginx/vendor/laravel/framework/src/Illuminate/Container/BoundMethod.php(36): Illuminate\\Database\\Console\\Migrations\\MigrateCommand->handle()
#38 /usr/share/nginx/vendor/laravel/framework/src/Illuminate/Container/Util.php(40): Illuminate\\Container\\BoundMethod::Illuminate\\Container\\{closure}()
#39 /usr/share/nginx/vendor/laravel/framework/src/Illuminate/Container/BoundMethod.php(93): Illuminate\\Container\\Util::unwrapIfClosure()
#40 /usr/share/nginx/vendor/laravel/framework/src/Illuminate/Container/BoundMethod.php(37): Illuminate\\Container\\BoundMethod::callBoundMethod()
#41 /usr/share/nginx/vendor/laravel/framework/src/Illuminate/Container/Container.php(614): Illuminate\\Container\\BoundMethod::call()
#42 /usr/share/nginx/vendor/laravel/framework/src/Illuminate/Console/Command.php(136): Illuminate\\Container\\Container->call()
#43 /usr/share/nginx/vendor/symfony/console/Command/Command.php(256): Illuminate\\Console\\Command->execute()
#44 /usr/share/nginx/vendor/laravel/framework/src/Illuminate/Console/Command.php(121): Symfony\\Component\\Console\\Command\\Command->run()
#45 /usr/share/nginx/vendor/symfony/console/Application.php(971): Illuminate\\Console\\Command->run()
#46 /usr/share/nginx/vendor/symfony/console/Application.php(290): Symfony\\Component\\Console\\Application->doRunCommand()
#47 /usr/share/nginx/vendor/symfony/console/Application.php(166): Symfony\\Component\\Console\\Application->doRun()
#48 /usr/share/nginx/vendor/laravel/framework/src/Illuminate/Console/Application.php(92): Symfony\\Component\\Console\\Application->run()
#49 /usr/share/nginx/vendor/laravel/framework/src/Illuminate/Foundation/Console/Kernel.php(129): Illuminate\\Console\\Application->run()
#50 /usr/share/nginx/artisan(37): Illuminate\\Foundation\\Console\\Kernel->handle()
#51 {main}
"} 
